<?xml version="1.0" encoding="UTF-8"?>
<!-- Generated by org.testng.reporters.JUnitXMLReporter -->
<testsuite hostname="seljvm" ignored="0" name="Default test" tests="3" failures="0" timestamp="23 May 2022 12:55:51 GMT" time="32.539" errors="0">
  <testcase name="dragSlider" time="1.164" classname="com.lambda.qa.testcases.HomePageTest"/>
  <testcase name="fillTheform" time="6.576" classname="com.lambda.qa.testcases.HomePageTest"/>
  <testcase name="validateEnteredValue" time="1.175" classname="com.lambda.qa.testcases.HomePageTest"/>
</testsuite> <!-- Default test -->
