<?xml version="1.0" encoding="UTF-8"?>
<testng-results skipped="0" failed="0" ignored="0" total="3" passed="3">
  <reporter-output>
  </reporter-output>
  <suite name="Default suite" duration-ms="32539" started-at="2022-05-23T12:55:18Z" finished-at="2022-05-23T12:55:51Z">
    <groups>
    </groups>
    <test name="Default test" duration-ms="32539" started-at="2022-05-23T12:55:18Z" finished-at="2022-05-23T12:55:51Z">
      <class name="com.lambda.qa.testcases.HomePageTest">
        <test-method status="PASS" signature="setup(java.lang.reflect.Method, org.testng.ITestContext)[pri:0, instance:com.lambda.qa.testcases.HomePageTest@3632be31]" name="setup" is-config="true" duration-ms="8139" started-at="2022-05-23T12:55:18Z" finished-at="2022-05-23T12:55:26Z">
          <params>
            <param index="0">
              <value>
                <![CDATA[public void com.lambda.qa.testcases.HomePageTest.dragSlider() throws java.lang.InterruptedException]]>
              </value>
            </param>
            <param index="1">
              <value>
                <![CDATA[org.testng.TestRunner@547e29a4]]>
              </value>
            </param>
          </params>
          <reporter-output>
          </reporter-output>
        </test-method> <!-- setup -->
        <test-method status="PASS" signature="dragSlider()[pri:0, instance:com.lambda.qa.testcases.HomePageTest@3632be31]" name="dragSlider" duration-ms="1164" started-at="2022-05-23T12:55:26Z" finished-at="2022-05-23T12:55:27Z">
          <reporter-output>
          </reporter-output>
        </test-method> <!-- dragSlider -->
        <test-method status="PASS" signature="teardown()[pri:0, instance:com.lambda.qa.testcases.HomePageTest@3632be31]" name="teardown" is-config="true" duration-ms="1104" started-at="2022-05-23T12:55:27Z" finished-at="2022-05-23T12:55:28Z">
          <reporter-output>
          </reporter-output>
        </test-method> <!-- teardown -->
        <test-method status="PASS" signature="setup(java.lang.reflect.Method, org.testng.ITestContext)[pri:0, instance:com.lambda.qa.testcases.HomePageTest@3632be31]" name="setup" is-config="true" duration-ms="6310" started-at="2022-05-23T12:55:28Z" finished-at="2022-05-23T12:55:35Z">
          <params>
            <param index="0">
              <value>
                <![CDATA[public void com.lambda.qa.testcases.HomePageTest.fillTheform() throws java.lang.InterruptedException]]>
              </value>
            </param>
            <param index="1">
              <value>
                <![CDATA[org.testng.TestRunner@547e29a4]]>
              </value>
            </param>
          </params>
          <reporter-output>
          </reporter-output>
        </test-method> <!-- setup -->
        <test-method status="PASS" signature="fillTheform()[pri:0, instance:com.lambda.qa.testcases.HomePageTest@3632be31]" name="fillTheform" duration-ms="6576" started-at="2022-05-23T12:55:35Z" finished-at="2022-05-23T12:55:41Z">
          <reporter-output>
          </reporter-output>
        </test-method> <!-- fillTheform -->
        <test-method status="PASS" signature="teardown()[pri:0, instance:com.lambda.qa.testcases.HomePageTest@3632be31]" name="teardown" is-config="true" duration-ms="1079" started-at="2022-05-23T12:55:41Z" finished-at="2022-05-23T12:55:42Z">
          <reporter-output>
          </reporter-output>
        </test-method> <!-- teardown -->
        <test-method status="PASS" signature="setup(java.lang.reflect.Method, org.testng.ITestContext)[pri:0, instance:com.lambda.qa.testcases.HomePageTest@3632be31]" name="setup" is-config="true" duration-ms="5702" started-at="2022-05-23T12:55:42Z" finished-at="2022-05-23T12:55:48Z">
          <params>
            <param index="0">
              <value>
                <![CDATA[public void com.lambda.qa.testcases.HomePageTest.validateEnteredValue() throws java.lang.InterruptedException]]>
              </value>
            </param>
            <param index="1">
              <value>
                <![CDATA[org.testng.TestRunner@547e29a4]]>
              </value>
            </param>
          </params>
          <reporter-output>
          </reporter-output>
        </test-method> <!-- setup -->
        <test-method status="PASS" signature="validateEnteredValue()[pri:0, instance:com.lambda.qa.testcases.HomePageTest@3632be31]" name="validateEnteredValue" duration-ms="1175" started-at="2022-05-23T12:55:48Z" finished-at="2022-05-23T12:55:49Z">
          <reporter-output>
          </reporter-output>
        </test-method> <!-- validateEnteredValue -->
        <test-method status="PASS" signature="teardown()[pri:0, instance:com.lambda.qa.testcases.HomePageTest@3632be31]" name="teardown" is-config="true" duration-ms="1251" started-at="2022-05-23T12:55:49Z" finished-at="2022-05-23T12:55:51Z">
          <reporter-output>
          </reporter-output>
        </test-method> <!-- teardown -->
      </class> <!-- com.lambda.qa.testcases.HomePageTest -->
    </test> <!-- Default test -->
  </suite> <!-- Default suite -->
</testng-results>
